<?xml version="1.0" encoding="UTF-8"?>
<testsuite name="com.serverprogramimplementation.ServerprogramimplementationApplicationTests" tests="1" skipped="0" failures="0" errors="0" timestamp="2024-07-16T08:46:27" hostname="DESKTOP-FU2AS1G" time="1.334">
  <properties/>
  <testcase name="contextLoads()" classname="com.serverprogramimplementation.ServerprogramimplementationApplicationTests" time="1.334"/>
  <system-out><![CDATA[17:46:24.744 [Test worker] INFO org.springframework.test.context.support.AnnotationConfigContextLoaderUtils -- Could not detect default configuration classes for test class [com.serverprogramimplementation.ServerprogramimplementationApplicationTests]: ServerprogramimplementationApplicationTests does not declare any static, non-private, non-final, nested classes annotated with @Configuration.
17:46:24.853 [Test worker] INFO org.springframework.boot.test.context.SpringBootTestContextBootstrapper -- Found @SpringBootConfiguration com.serverprogramimplementation.ServerprogramimplementationApplication for test class com.serverprogramimplementation.ServerprogramimplementationApplicationTests

  .   ____          _            __ _ _
 /\\ / ___'_ __ _ _(_)_ __  __ _ \ \ \ \
( ( )\___ | '_ | '_| | '_ \/ _` | \ \ \ \
 \\/  ___)| |_)| | | | | || (_| |  ) ) ) )
  '  |____| .__|_| |_|_| |_\__, | / / / /
 =========|_|==============|___/=/_/_/_/

 :: Spring Boot ::                (v3.3.1)

2024-07-16T17:46:25.361+09:00  INFO 8736 --- [noticeBoard] [    Test worker] verprogramimplementationApplicationTests : Starting ServerprogramimplementationApplicationTests using Java 17.0.11 with PID 8736 (started by Administrator in C:\Users\Administrator\Desktop\LJH1\Serverprogramimplementation)
2024-07-16T17:46:25.363+09:00  INFO 8736 --- [noticeBoard] [    Test worker] verprogramimplementationApplicationTests : No active profile set, falling back to 1 default profile: "default"
2024-07-16T17:46:26.110+09:00  WARN 8736 --- [noticeBoard] [    Test worker] o.m.s.mapper.ClassPathMapperScanner      : No MyBatis mapper was found in '[com.serverprogramimplementation]' package. Please check your configuration.
2024-07-16T17:46:27.012+09:00  INFO 8736 --- [noticeBoard] [    Test worker] verprogramimplementationApplicationTests : Started ServerprogramimplementationApplicationTests in 1.95 seconds (process running for 3.171)
{가맹점ID=22110029, 가맹점명=이마트24 S대구은행역점, 가맹점유형코드=20, 경도=128.6142269, 공휴일운영시작시각=600, 공휴일운영종료시각=0, 관리기관=수성구청, 관리기관전화번호=053-666-4646, 대표자명=박진홍, 데이터기준일자=2022-11-01 13:35:42, 배달가능여부=N, 배달시작시각=null, 배달종료시각=null, 사업자번호=5728801138, 사업자상태=1, 사업자상태변경일=null, 소재지도로명주소=달구벌대로 2300, 소재지도로명주소상세정보=대구은행역, 소재지지번주소=수성동4가 1085-32, 소재지지번주소상세정보=대구은행역, 시군구명=수성구, 시군구코드=27260, 시도명=대구, 시설정보구분=60, 아침점심저녁구분=1+3+5, 위도=35.85973955, 음식점분류=23, 일반직영=1, 전화번호=070-4762-5999, 종사업자번호=null, 토요일운영시작시각=600, 토요일운영종료시각=0, 평일운영시작시각=600, 평일운영종료시각=0, 프랜차이즈명=이마트 24}
이마트24 S대구은행역점
{가맹점ID=22110028, 가맹점명=이마트24 경북대병원점, 가맹점유형코드=20, 경도=128.6030417, 공휴일운영시작시각=0, 공휴일운영종료시각=0, 관리기관=중구청, 관리기관전화번호=053-661-2535, 대표자명=박신석, 데이터기준일자=2022-11-01 13:35:04, 배달가능여부=N, 배달시작시각=null, 배달종료시각=null, 사업자번호=1300598168, 사업자상태=1, 사업자상태변경일=null, 소재지도로명주소=동덕로 125, 소재지도로명주소상세정보=봄봄빌딩, 소재지지번주소=삼덕동2가 101-1, 소재지지번주소상세정보=봄봄빌딩, 시군구명=중구, 시군구코드=27110, 시도명=대구, 시설정보구분=60, 아침점심저녁구분=1+3+5, 위도=35.86587275, 음식점분류=23, 일반직영=1, 전화번호=053-255-9718, 종사업자번호=null, 토요일운영시작시각=0, 토요일운영종료시각=0, 평일운영시작시각=0, 평일운영종료시각=0, 프랜차이즈명=이마트 24}
이마트24 경북대병원점
{가맹점ID=22110027, 가맹점명=(주)제네스 나인 이마트24 반월당제네스점, 가맹점유형코드=20, 경도=128.5930314, 공휴일운영시작시각=700, 공휴일운영종료시각=100, 관리기관=중구청, 관리기관전화번호=053-661-2535, 대표자명=이현구, 데이터기준일자=2022-11-01 13:34:27, 배달가능여부=N, 배달시작시각=null, 배달종료시각=null, 사업자번호=1048641379, 사업자상태=1, 사업자상태변경일=null, 소재지도로명주소=중앙대로 312, 소재지도로명주소상세정보=반월당 아너스 제네스타워 오피스텔, 소재지지번주소=남산동 694-3, 소재지지번주소상세정보=반월당 아너스 제네스타워 오피스텔, 시군구명=중구, 시군구코드=27110, 시도명=대구, 시설정보구분=60, 아침점심저녁구분=1+3+5, 위도=35.86078795, 음식점분류=23, 일반직영=1, 전화번호=053-253-8883, 종사업자번호=null, 토요일운영시작시각=700, 토요일운영종료시각=100, 평일운영시작시각=700, 평일운영종료시각=100, 프랜차이즈명=이마트 24}
(주)제네스 나인 이마트24 반월당제네스점
{가맹점ID=22110026, 가맹점명=또바기막창왕갈비, 가맹점유형코드=10, 경도=128.4863104, 공휴일운영시작시각=1000, 공휴일운영종료시각=1600, 관리기관=달서구청, 관리기관전화번호=053-667-2536, 대표자명=윤용익, 데이터기준일자=2022-11-01 13:33:26, 배달가능여부=Y, 배달시작시각=1100, 배달종료시각=2200, 사업자번호=8590601932, 사업자상태=1, 사업자상태변경일=2022-07-01, 소재지도로명주소=호산동로36남길 18, 소재지도로명주소상세정보=null, 소재지지번주소=호산동 386-8, 소재지지번주소상세정보=null, 시군구명=달서구, 시군구코드=27290, 시도명=대구, 시설정보구분=30, 아침점심저녁구분=1+3+5, 위도=35.84996843, 음식점분류=13, 일반직영=3, 전화번호=053-588-2256, 종사업자번호=null, 토요일운영시작시각=1000, 토요일운영종료시각=1600, 평일운영시작시각=1000, 평일운영종료시각=1600, 프랜차이즈명=null}
또바기막창왕갈비
{가맹점ID=22110025, 가맹점명=이마트24 R대구대봉점, 가맹점유형코드=20, 경도=128.6011972, 공휴일운영시작시각=0, 공휴일운영종료시각=0, 관리기관=중구청, 관리기관전화번호=053-661-2535, 대표자명=천종호, 데이터기준일자=2022-11-01 13:33:18, 배달가능여부=N, 배달시작시각=null, 배달종료시각=null, 사업자번호=5043142054, 사업자상태=1, 사업자상태변경일=null, 소재지도로명주소=대봉로 238, 소재지도로명주소상세정보=null, 소재지지번주소=대봉동 55-94, 소재지지번주소상세정보=null, 시군구명=중구, 시군구코드=27110, 시도명=대구, 시설정보구분=60, 아침점심저녁구분=1+3+5, 위도=35.85982635, 음식점분류=23, 일반직영=1, 전화번호=02-6916-1500, 종사업자번호=null, 토요일운영시작시각=0, 토요일운영종료시각=0, 평일운영시작시각=0, 평일운영종료시각=0, 프랜차이즈명=이마트 24}
이마트24 R대구대봉점
{가맹점ID=22110024, 가맹점명=이마트24 대명센트럴점, 가맹점유형코드=20, 경도=128.5650037, 공휴일운영시작시각=0, 공휴일운영종료시각=0, 관리기관=남구청, 관리기관전화번호=053-664-2556, 대표자명=박정호, 데이터기준일자=2022-11-01 13:32:33, 배달가능여부=N, 배달시작시각=null, 배달종료시각=null, 사업자번호=5148183571, 사업자상태=1, 사업자상태변경일=null, 소재지도로명주소=대명로14길 69, 소재지도로명주소상세정보=null, 소재지지번주소=대명동 1091-12, 소재지지번주소상세정보=null, 시군구명=남구, 시군구코드=27200, 시도명=대구, 시설정보구분=60, 아침점심저녁구분=1+3+5, 위도=35.83601782, 음식점분류=23, 일반직영=1, 전화번호=02-6916-1500, 종사업자번호=null, 토요일운영시작시각=0, 토요일운영종료시각=0, 평일운영시작시각=0, 평일운영종료시각=0, 프랜차이즈명=이마트 24}
이마트24 대명센트럴점
{가맹점ID=22110023, 가맹점명=이마트24 R대구감삼중앙점, 가맹점유형코드=20, 경도=128.5465852, 공휴일운영시작시각=0, 공휴일운영종료시각=0, 관리기관=달서구청, 관리기관전화번호=053-667-2536, 대표자명=권영분, 데이터기준일자=2022-11-01 13:31:56, 배달가능여부=N, 배달시작시각=null, 배달종료시각=null, 사업자번호=2273000728, 사업자상태=1, 사업자상태변경일=null, 소재지도로명주소=달구벌대로330길 47, 소재지도로명주소상세정보=null, 소재지지번주소=감삼동 117-23, 소재지지번주소상세정보=null, 시군구명=달서구, 시군구코드=27290, 시도명=대구, 시설정보구분=60, 아침점심저녁구분=1+3+5, 위도=35.85126916, 음식점분류=23, 일반직영=1, 전화번호=053-559-2600, 종사업자번호=null, 토요일운영시작시각=0, 토요일운영종료시각=0, 평일운영시작시각=0, 평일운영종료시각=0, 프랜차이즈명=이마트 24}
이마트24 R대구감삼중앙점
{가맹점ID=22110022, 가맹점명=덮밥90도씨, 가맹점유형코드=10, 경도=128.4972265, 공휴일운영시작시각=840, 공휴일운영종료시각=2030, 관리기관=달서구청, 관리기관전화번호=053-667-2536, 대표자명=노기영, 데이터기준일자=2022-11-01 13:31:17, 배달가능여부=N, 배달시작시각=null, 배달종료시각=null, 사업자번호=5052679768, 사업자상태=1, 사업자상태변경일=2022-07-01, 소재지도로명주소=계대동문로9길 21, 소재지도로명주소상세정보=null, 소재지지번주소=신당동 486, 소재지지번주소상세정보=null, 시군구명=달서구, 시군구코드=27290, 시도명=대구, 시설정보구분=30, 아침점심저녁구분=1+3+5, 위도=35.85662780, 음식점분류=13, 일반직영=1, 전화번호=053-716-4777, 종사업자번호=null, 토요일운영시작시각=840, 토요일운영종료시각=2030, 평일운영시작시각=840, 평일운영종료시각=2030, 프랜차이즈명=덮밥90도씨}
덮밥90도씨
{가맹점ID=22110021, 가맹점명=이마트24 R대구용산센타점, 가맹점유형코드=20, 경도=128.5313039, 공휴일운영시작시각=700, 공휴일운영종료시각=200, 관리기관=달서구청, 관리기관전화번호=053-667-2536, 대표자명=권영균, 데이터기준일자=2022-11-01 13:31:08, 배달가능여부=N, 배달시작시각=null, 배달종료시각=null, 사업자번호=5953600133, 사업자상태=1, 사업자상태변경일=null, 소재지도로명주소=달구벌대로301길 187, 소재지도로명주소상세정보=null, 소재지지번주소=용산동 932-2, 소재지지번주소상세정보=null, 시군구명=달서구, 시군구코드=27290, 시도명=대구, 시설정보구분=60, 아침점심저녁구분=1+3+5, 위도=35.85830098, 음식점분류=23, 일반직영=1, 전화번호=053-523-0053, 종사업자번호=null, 토요일운영시작시각=700, 토요일운영종료시각=200, 평일운영시작시각=700, 평일운영종료시각=200, 프랜차이즈명=이마트 24}
이마트24 R대구용산센타점
{가맹점ID=22110020, 가맹점명=킹콩푸드, 가맹점유형코드=10, 경도=128.5027352, 공휴일운영시작시각=1100, 공휴일운영종료시각=0, 관리기관=달서구청, 관리기관전화번호=053-667-2536, 대표자명=김상섭, 데이터기준일자=2022-11-01 13:30:22, 배달가능여부=Y, 배달시작시각=1100, 배달종료시각=2350, 사업자번호=8710901457, 사업자상태=1, 사업자상태변경일=2021-10-01, 소재지도로명주소=이곡서로7길 12-6, 소재지도로명주소상세정보=null, 소재지지번주소=이곡동 1206-6, 소재지지번주소상세정보=null, 시군구명=달서구, 시군구코드=27290, 시도명=대구, 시설정보구분=30, 아침점심저녁구분=3+5, 위도=35.85360962, 음식점분류=13, 일반직영=1, 전화번호=053-633-9999, 종사업자번호=null, 토요일운영시작시각=1100, 토요일운영종료시각=0, 평일운영시작시각=1100, 평일운영종료시각=0, 프랜차이즈명=킹콩덮밥}
킹콩푸드
]]></system-out>
  <system-err><![CDATA[]]></system-err>
</testsuite>
